This file contains any messages produced by compilers while
running configure, to aid debugging if configure makes a mistake.

It was created by JSBSim.cpp configure 1.0.0-advtrim-8, which was
generated by GNU Autoconf 2.69.  Invocation command line was

  $ ./configure --enable-maintainer-mode --enable-compile-warnings --enable-libraries

## --------- ##
## Platform. ##
## --------- ##

hostname = manash-Lenovo-Y50-70
uname -m = x86_64
uname -r = 4.4.0-75-generic
uname -s = Linux
uname -v = #96~14.04.1-Ubuntu SMP Thu Apr 20 11:06:30 UTC 2017

/usr/bin/uname -p = unknown
/bin/uname -X     = unknown

/bin/arch              = unknown
/usr/bin/arch -k       = unknown
/usr/convex/getsysinfo = unknown
/usr/bin/hostinfo      = unknown
/bin/machine           = unknown
/usr/bin/oslevel       = unknown
/bin/universe          = unknown

PATH: /opt/ros/indigo/bin
PATH: /usr/local/sbin
PATH: /usr/local/bin
PATH: /usr/sbin
PATH: /usr/bin
PATH: /sbin
PATH: /bin
PATH: /usr/games
PATH: /usr/local/games


## ----------- ##
## Core tests. ##
## ----------- ##

configure:2351: checking build system type
configure:2365: result: x86_64-unknown-linux-gnu
configure:2385: checking host system type
configure:2398: result: x86_64-unknown-linux-gnu
configure:2418: checking target system type
configure:2431: result: x86_64-unknown-linux-gnu
configure:2474: checking for a BSD-compatible install
configure:2542: result: /usr/bin/install -c
configure:2553: checking whether build environment is sane
configure:2608: result: yes
configure:2759: checking for a thread-safe mkdir -p
configure:2798: result: /bin/mkdir -p
configure:2805: checking for gawk
configure:2821: found /usr/bin/gawk
configure:2832: result: gawk
configure:2843: checking whether make sets $(MAKE)
configure:2865: result: yes
configure:2894: checking whether make supports nested variables
configure:2911: result: yes
configure:3142: checking for style of include used by make
configure:3170: result: GNU
configure:3241: checking for gcc
configure:3257: found /usr/bin/gcc
configure:3268: result: gcc
configure:3497: checking for C compiler version
configure:3506: gcc --version >&5
gcc (Ubuntu 4.8.4-2ubuntu1~14.04.3) 4.8.4
Copyright (C) 2013 Free Software Foundation, Inc.
This is free software; see the source for copying conditions.  There is NO
warranty; not even for MERCHANTABILITY or FITNESS FOR A PARTICULAR PURPOSE.

configure:3517: $? = 0
configure:3506: gcc -v >&5
Using built-in specs.
COLLECT_GCC=gcc
COLLECT_LTO_WRAPPER=/usr/lib/gcc/x86_64-linux-gnu/4.8/lto-wrapper
Target: x86_64-linux-gnu
Configured with: ../src/configure -v --with-pkgversion='Ubuntu 4.8.4-2ubuntu1~14.04.3' --with-bugurl=file:///usr/share/doc/gcc-4.8/README.Bugs --enable-languages=c,c++,java,go,d,fortran,objc,obj-c++ --prefix=/usr --program-suffix=-4.8 --enable-shared --enable-linker-build-id --libexecdir=/usr/lib --without-included-gettext --enable-threads=posix --with-gxx-include-dir=/usr/include/c++/4.8 --libdir=/usr/lib --enable-nls --with-sysroot=/ --enable-clocale=gnu --enable-libstdcxx-debug --enable-libstdcxx-time=yes --enable-gnu-unique-object --disable-libmudflap --enable-plugin --with-system-zlib --disable-browser-plugin --enable-java-awt=gtk --enable-gtk-cairo --with-java-home=/usr/lib/jvm/java-1.5.0-gcj-4.8-amd64/jre --enable-java-home --with-jvm-root-dir=/usr/lib/jvm/java-1.5.0-gcj-4.8-amd64 --with-jvm-jar-dir=/usr/lib/jvm-exports/java-1.5.0-gcj-4.8-amd64 --with-arch-directory=amd64 --with-ecj-jar=/usr/share/java/eclipse-ecj.jar --enable-objc-gc --enable-multiarch --disable-werror --with-arch-32=i686 --with-abi=m64 --with-multilib-list=m32,m64,mx32 --with-tune=generic --enable-checking=release --build=x86_64-linux-gnu --host=x86_64-linux-gnu --target=x86_64-linux-gnu
Thread model: posix
gcc version 4.8.4 (Ubuntu 4.8.4-2ubuntu1~14.04.3) 
configure:3517: $? = 0
configure:3506: gcc -V >&5
gcc: error: unrecognized command line option '-V'
gcc: fatal error: no input files
compilation terminated.
configure:3517: $? = 4
configure:3506: gcc -qversion >&5
gcc: error: unrecognized command line option '-qversion'
gcc: fatal error: no input files
compilation terminated.
configure:3517: $? = 4
configure:3537: checking whether the C compiler works
configure:3559: gcc    conftest.c  >&5
configure:3563: $? = 0
configure:3611: result: yes
configure:3614: checking for C compiler default output file name
configure:3616: result: a.out
configure:3622: checking for suffix of executables
configure:3629: gcc -o conftest    conftest.c  >&5
configure:3633: $? = 0
configure:3655: result: 
configure:3677: checking whether we are cross compiling
configure:3685: gcc -o conftest    conftest.c  >&5
configure:3689: $? = 0
configure:3696: ./conftest
configure:3700: $? = 0
configure:3715: result: no
configure:3720: checking for suffix of object files
configure:3742: gcc -c   conftest.c >&5
configure:3746: $? = 0
configure:3767: result: o
configure:3771: checking whether we are using the GNU C compiler
configure:3790: gcc -c   conftest.c >&5
configure:3790: $? = 0
configure:3799: result: yes
configure:3808: checking whether gcc accepts -g
configure:3828: gcc -c -g  conftest.c >&5
configure:3828: $? = 0
configure:3869: result: yes
configure:3886: checking for gcc option to accept ISO C89
configure:3949: gcc  -c -g -O2  conftest.c >&5
configure:3949: $? = 0
configure:3962: result: none needed
configure:3987: checking whether gcc understands -c and -o together
configure:4009: gcc -c conftest.c -o conftest2.o
configure:4012: $? = 0
configure:4009: gcc -c conftest.c -o conftest2.o
configure:4012: $? = 0
configure:4024: result: yes
configure:4043: checking dependency style of gcc
configure:4154: result: gcc3
configure:4174: checking how to run the C preprocessor
configure:4205: gcc -E  conftest.c
configure:4205: $? = 0
configure:4219: gcc -E  conftest.c
conftest.c:11:28: fatal error: ac_nonexistent.h: No such file or directory
 #include <ac_nonexistent.h>
                            ^
compilation terminated.
configure:4219: $? = 1
configure: failed program was:
| /* confdefs.h */
| #define PACKAGE_NAME "JSBSim.cpp"
| #define PACKAGE_TARNAME "jsbsim-cpp"
| #define PACKAGE_VERSION "1.0.0-advtrim-8"
| #define PACKAGE_STRING "JSBSim.cpp 1.0.0-advtrim-8"
| #define PACKAGE_BUGREPORT "jon@jsbsim.org"
| #define PACKAGE_URL ""
| #define PACKAGE "jsbsim"
| #define VERSION "1.0.0-advtrim-8"
| /* end confdefs.h.  */
| #include <ac_nonexistent.h>
configure:4244: result: gcc -E
configure:4264: gcc -E  conftest.c
configure:4264: $? = 0
configure:4278: gcc -E  conftest.c
conftest.c:11:28: fatal error: ac_nonexistent.h: No such file or directory
 #include <ac_nonexistent.h>
                            ^
compilation terminated.
configure:4278: $? = 1
configure: failed program was:
| /* confdefs.h */
| #define PACKAGE_NAME "JSBSim.cpp"
| #define PACKAGE_TARNAME "jsbsim-cpp"
| #define PACKAGE_VERSION "1.0.0-advtrim-8"
| #define PACKAGE_STRING "JSBSim.cpp 1.0.0-advtrim-8"
| #define PACKAGE_BUGREPORT "jon@jsbsim.org"
| #define PACKAGE_URL ""
| #define PACKAGE "jsbsim"
| #define VERSION "1.0.0-advtrim-8"
| /* end confdefs.h.  */
| #include <ac_nonexistent.h>
configure:4310: checking for gawk
configure:4337: result: gawk
configure:4396: checking for gcc
configure:4423: result: gcc
configure:4652: checking for C compiler version
configure:4661: gcc --version >&5
gcc (Ubuntu 4.8.4-2ubuntu1~14.04.3) 4.8.4
Copyright (C) 2013 Free Software Foundation, Inc.
This is free software; see the source for copying conditions.  There is NO
warranty; not even for MERCHANTABILITY or FITNESS FOR A PARTICULAR PURPOSE.

configure:4672: $? = 0
configure:4661: gcc -v >&5
Using built-in specs.
COLLECT_GCC=gcc
COLLECT_LTO_WRAPPER=/usr/lib/gcc/x86_64-linux-gnu/4.8/lto-wrapper
Target: x86_64-linux-gnu
Configured with: ../src/configure -v --with-pkgversion='Ubuntu 4.8.4-2ubuntu1~14.04.3' --with-bugurl=file:///usr/share/doc/gcc-4.8/README.Bugs --enable-languages=c,c++,java,go,d,fortran,objc,obj-c++ --prefix=/usr --program-suffix=-4.8 --enable-shared --enable-linker-build-id --libexecdir=/usr/lib --without-included-gettext --enable-threads=posix --with-gxx-include-dir=/usr/include/c++/4.8 --libdir=/usr/lib --enable-nls --with-sysroot=/ --enable-clocale=gnu --enable-libstdcxx-debug --enable-libstdcxx-time=yes --enable-gnu-unique-object --disable-libmudflap --enable-plugin --with-system-zlib --disable-browser-plugin --enable-java-awt=gtk --enable-gtk-cairo --with-java-home=/usr/lib/jvm/java-1.5.0-gcj-4.8-amd64/jre --enable-java-home --with-jvm-root-dir=/usr/lib/jvm/java-1.5.0-gcj-4.8-amd64 --with-jvm-jar-dir=/usr/lib/jvm-exports/java-1.5.0-gcj-4.8-amd64 --with-arch-directory=amd64 --with-ecj-jar=/usr/share/java/eclipse-ecj.jar --enable-objc-gc --enable-multiarch --disable-werror --with-arch-32=i686 --with-abi=m64 --with-multilib-list=m32,m64,mx32 --with-tune=generic --enable-checking=release --build=x86_64-linux-gnu --host=x86_64-linux-gnu --target=x86_64-linux-gnu
Thread model: posix
gcc version 4.8.4 (Ubuntu 4.8.4-2ubuntu1~14.04.3) 
configure:4672: $? = 0
configure:4661: gcc -V >&5
gcc: error: unrecognized command line option '-V'
gcc: fatal error: no input files
compilation terminated.
configure:4672: $? = 4
configure:4661: gcc -qversion >&5
gcc: error: unrecognized command line option '-qversion'
gcc: fatal error: no input files
compilation terminated.
configure:4672: $? = 4
configure:4676: checking whether we are using the GNU C compiler
configure:4704: result: yes
configure:4713: checking whether gcc accepts -g
configure:4774: result: yes
configure:4791: checking for gcc option to accept ISO C89
configure:4867: result: none needed
configure:4892: checking whether gcc understands -c and -o together
configure:4929: result: yes
configure:4948: checking dependency style of gcc
configure:5059: result: gcc3
configure:5120: checking how to print strings
configure:5147: result: printf
configure:5168: checking for a sed that does not truncate output
configure:5232: result: /bin/sed
configure:5250: checking for grep that handles long lines and -e
configure:5308: result: /bin/grep
configure:5313: checking for egrep
configure:5375: result: /bin/grep -E
configure:5380: checking for fgrep
configure:5442: result: /bin/grep -F
configure:5477: checking for ld used by gcc
configure:5544: result: /usr/bin/ld
configure:5551: checking if the linker (/usr/bin/ld) is GNU ld
configure:5566: result: yes
configure:5578: checking for BSD- or MS-compatible name lister (nm)
configure:5627: result: /usr/bin/nm -B
configure:5757: checking the name lister (/usr/bin/nm -B) interface
configure:5764: gcc -c -g -O2  conftest.c >&5
configure:5767: /usr/bin/nm -B "conftest.o"
configure:5770: output
0000000000000000 B some_variable
configure:5777: result: BSD nm
configure:5780: checking whether ln -s works
configure:5784: result: yes
configure:5792: checking the maximum length of command line arguments
configure:5923: result: 1572864
configure:5940: checking whether the shell understands some XSI constructs
configure:5950: result: yes
configure:5954: checking whether the shell understands "+="
configure:5960: result: yes
configure:5995: checking how to convert x86_64-unknown-linux-gnu file names to x86_64-unknown-linux-gnu format
configure:6035: result: func_convert_file_noop
configure:6042: checking how to convert x86_64-unknown-linux-gnu file names to toolchain format
configure:6062: result: func_convert_file_noop
configure:6069: checking for /usr/bin/ld option to reload object files
configure:6076: result: -r
configure:6150: checking for objdump
configure:6166: found /usr/bin/objdump
configure:6177: result: objdump
configure:6209: checking how to recognize dependent libraries
configure:6407: result: pass_all
configure:6492: checking for dlltool
configure:6522: result: no
configure:6552: checking how to associate runtime and link libraries
configure:6579: result: printf %s\n
configure:6640: checking for ar
configure:6656: found /usr/bin/ar
configure:6667: result: ar
configure:6704: checking for archiver @FILE support
configure:6721: gcc -c -g -O2  conftest.c >&5
configure:6721: $? = 0
configure:6724: ar cru libconftest.a @conftest.lst >&5
configure:6727: $? = 0
configure:6732: ar cru libconftest.a @conftest.lst >&5
ar: conftest.o: No such file or directory
configure:6735: $? = 1
configure:6747: result: @
configure:6805: checking for strip
configure:6821: found /usr/bin/strip
configure:6832: result: strip
configure:6904: checking for ranlib
configure:6920: found /usr/bin/ranlib
configure:6931: result: ranlib
configure:7033: checking command to parse /usr/bin/nm -B output from gcc object
configure:7153: gcc -c -g -O2  conftest.c >&5
configure:7156: $? = 0
configure:7160: /usr/bin/nm -B conftest.o \| sed -n -e 's/^.*[ ]\([ABCDGIRSTW][ABCDGIRSTW]*\)[ ][ ]*\([_A-Za-z][_A-Za-z0-9]*\)$/\1 \2 \2/p' | sed '/ __gnu_lto/d' \> conftest.nm
configure:7163: $? = 0
configure:7229: gcc -o conftest -g -O2   conftest.c conftstm.o >&5
configure:7232: $? = 0
configure:7270: result: ok
configure:7307: checking for sysroot
configure:7337: result: no
configure:7414: gcc -c -g -O2  conftest.c >&5
configure:7417: $? = 0
configure:7606: checking for mt
configure:7622: found /bin/mt
configure:7633: result: mt
configure:7656: checking if mt is a manifest tool
configure:7662: mt '-?'
configure:7670: result: no
configure:8308: checking for ANSI C header files
configure:8328: gcc -c -g -O2  conftest.c >&5
configure:8328: $? = 0
configure:8401: gcc -o conftest -g -O2   conftest.c  >&5
configure:8401: $? = 0
configure:8401: ./conftest
configure:8401: $? = 0
configure:8412: result: yes
configure:8425: checking for sys/types.h
configure:8425: gcc -c -g -O2  conftest.c >&5
configure:8425: $? = 0
configure:8425: result: yes
configure:8425: checking for sys/stat.h
configure:8425: gcc -c -g -O2  conftest.c >&5
configure:8425: $? = 0
configure:8425: result: yes
configure:8425: checking for stdlib.h
configure:8425: gcc -c -g -O2  conftest.c >&5
configure:8425: $? = 0
configure:8425: result: yes
configure:8425: checking for string.h
configure:8425: gcc -c -g -O2  conftest.c >&5
configure:8425: $? = 0
configure:8425: result: yes
configure:8425: checking for memory.h
configure:8425: gcc -c -g -O2  conftest.c >&5
configure:8425: $? = 0
configure:8425: result: yes
configure:8425: checking for strings.h
configure:8425: gcc -c -g -O2  conftest.c >&5
configure:8425: $? = 0
configure:8425: result: yes
configure:8425: checking for inttypes.h
configure:8425: gcc -c -g -O2  conftest.c >&5
configure:8425: $? = 0
configure:8425: result: yes
configure:8425: checking for stdint.h
configure:8425: gcc -c -g -O2  conftest.c >&5
configure:8425: $? = 0
configure:8425: result: yes
configure:8425: checking for unistd.h
configure:8425: gcc -c -g -O2  conftest.c >&5
configure:8425: $? = 0
configure:8425: result: yes
configure:8439: checking for dlfcn.h
configure:8439: gcc -c -g -O2  conftest.c >&5
configure:8439: $? = 0
configure:8439: result: yes
configure:8615: checking for objdir
configure:8630: result: .libs
configure:8901: checking if gcc supports -fno-rtti -fno-exceptions
configure:8919: gcc -c -g -O2  -fno-rtti -fno-exceptions conftest.c >&5
cc1: warning: command line option '-fno-rtti' is valid for C++/ObjC++ but not for C [enabled by default]
configure:8923: $? = 0
configure:8936: result: no
configure:9263: checking for gcc option to produce PIC
configure:9270: result: -fPIC -DPIC
configure:9278: checking if gcc PIC flag -fPIC -DPIC works
configure:9296: gcc -c -g -O2  -fPIC -DPIC -DPIC conftest.c >&5
configure:9300: $? = 0
configure:9313: result: yes
configure:9342: checking if gcc static flag -static works
configure:9370: result: yes
configure:9385: checking if gcc supports -c -o file.o
configure:9406: gcc -c -g -O2  -o out/conftest2.o conftest.c >&5
configure:9410: $? = 0
configure:9432: result: yes
configure:9440: checking if gcc supports -c -o file.o
configure:9487: result: yes
configure:9520: checking whether the gcc linker (/usr/bin/ld -m elf_x86_64) supports shared libraries
configure:10677: result: yes
configure:10917: checking dynamic linker characteristics
configure:11417: gcc -o conftest -g -O2   -Wl,-rpath -Wl,/foo conftest.c  >&5
configure:11417: $? = 0
configure:11651: result: GNU/Linux ld.so
configure:11758: checking how to hardcode library paths into programs
configure:11783: result: immediate
configure:12323: checking whether stripping libraries is possible
configure:12328: result: yes
configure:12363: checking if libtool supports shared libraries
configure:12365: result: yes
configure:12368: checking whether to build shared libraries
configure:12389: result: no
configure:12392: checking whether to build static libraries
configure:12396: result: yes
configure:12491: checking for g++
configure:12507: found /usr/bin/g++
configure:12518: result: g++
configure:12545: checking for C++ compiler version
configure:12554: g++ --version >&5
g++ (Ubuntu 4.8.4-2ubuntu1~14.04.3) 4.8.4
Copyright (C) 2013 Free Software Foundation, Inc.
This is free software; see the source for copying conditions.  There is NO
warranty; not even for MERCHANTABILITY or FITNESS FOR A PARTICULAR PURPOSE.

configure:12565: $? = 0
configure:12554: g++ -v >&5
Using built-in specs.
COLLECT_GCC=g++
COLLECT_LTO_WRAPPER=/usr/lib/gcc/x86_64-linux-gnu/4.8/lto-wrapper
Target: x86_64-linux-gnu
Configured with: ../src/configure -v --with-pkgversion='Ubuntu 4.8.4-2ubuntu1~14.04.3' --with-bugurl=file:///usr/share/doc/gcc-4.8/README.Bugs --enable-languages=c,c++,java,go,d,fortran,objc,obj-c++ --prefix=/usr --program-suffix=-4.8 --enable-shared --enable-linker-build-id --libexecdir=/usr/lib --without-included-gettext --enable-threads=posix --with-gxx-include-dir=/usr/include/c++/4.8 --libdir=/usr/lib --enable-nls --with-sysroot=/ --enable-clocale=gnu --enable-libstdcxx-debug --enable-libstdcxx-time=yes --enable-gnu-unique-object --disable-libmudflap --enable-plugin --with-system-zlib --disable-browser-plugin --enable-java-awt=gtk --enable-gtk-cairo --with-java-home=/usr/lib/jvm/java-1.5.0-gcj-4.8-amd64/jre --enable-java-home --with-jvm-root-dir=/usr/lib/jvm/java-1.5.0-gcj-4.8-amd64 --with-jvm-jar-dir=/usr/lib/jvm-exports/java-1.5.0-gcj-4.8-amd64 --with-arch-directory=amd64 --with-ecj-jar=/usr/share/java/eclipse-ecj.jar --enable-objc-gc --enable-multiarch --disable-werror --with-arch-32=i686 --with-abi=m64 --with-multilib-list=m32,m64,mx32 --with-tune=generic --enable-checking=release --build=x86_64-linux-gnu --host=x86_64-linux-gnu --target=x86_64-linux-gnu
Thread model: posix
gcc version 4.8.4 (Ubuntu 4.8.4-2ubuntu1~14.04.3) 
configure:12565: $? = 0
configure:12554: g++ -V >&5
g++: error: unrecognized command line option '-V'
g++: fatal error: no input files
compilation terminated.
configure:12565: $? = 4
configure:12554: g++ -qversion >&5
g++: error: unrecognized command line option '-qversion'
g++: fatal error: no input files
compilation terminated.
configure:12565: $? = 4
configure:12569: checking whether we are using the GNU C++ compiler
configure:12588: g++ -c   conftest.cpp >&5
configure:12588: $? = 0
configure:12597: result: yes
configure:12606: checking whether g++ accepts -g
configure:12626: g++ -c -g  conftest.cpp >&5
configure:12626: $? = 0
configure:12667: result: yes
configure:12692: checking dependency style of g++
configure:12803: result: gcc3
configure:12836: checking how to run the C++ preprocessor
configure:12863: g++ -E  conftest.cpp
configure:12863: $? = 0
configure:12877: g++ -E  conftest.cpp
conftest.cpp:23:28: fatal error: ac_nonexistent.h: No such file or directory
 #include <ac_nonexistent.h>
                            ^
compilation terminated.
configure:12877: $? = 1
configure: failed program was:
| /* confdefs.h */
| #define PACKAGE_NAME "JSBSim.cpp"
| #define PACKAGE_TARNAME "jsbsim-cpp"
| #define PACKAGE_VERSION "1.0.0-advtrim-8"
| #define PACKAGE_STRING "JSBSim.cpp 1.0.0-advtrim-8"
| #define PACKAGE_BUGREPORT "jon@jsbsim.org"
| #define PACKAGE_URL ""
| #define PACKAGE "jsbsim"
| #define VERSION "1.0.0-advtrim-8"
| #define STDC_HEADERS 1
| #define HAVE_SYS_TYPES_H 1
| #define HAVE_SYS_STAT_H 1
| #define HAVE_STDLIB_H 1
| #define HAVE_STRING_H 1
| #define HAVE_MEMORY_H 1
| #define HAVE_STRINGS_H 1
| #define HAVE_INTTYPES_H 1
| #define HAVE_STDINT_H 1
| #define HAVE_UNISTD_H 1
| #define HAVE_DLFCN_H 1
| #define LT_OBJDIR ".libs/"
| /* end confdefs.h.  */
| #include <ac_nonexistent.h>
configure:12902: result: g++ -E
configure:12922: g++ -E  conftest.cpp
configure:12922: $? = 0
configure:12936: g++ -E  conftest.cpp
conftest.cpp:23:28: fatal error: ac_nonexistent.h: No such file or directory
 #include <ac_nonexistent.h>
                            ^
compilation terminated.
configure:12936: $? = 1
configure: failed program was:
| /* confdefs.h */
| #define PACKAGE_NAME "JSBSim.cpp"
| #define PACKAGE_TARNAME "jsbsim-cpp"
| #define PACKAGE_VERSION "1.0.0-advtrim-8"
| #define PACKAGE_STRING "JSBSim.cpp 1.0.0-advtrim-8"
| #define PACKAGE_BUGREPORT "jon@jsbsim.org"
| #define PACKAGE_URL ""
| #define PACKAGE "jsbsim"
| #define VERSION "1.0.0-advtrim-8"
| #define STDC_HEADERS 1
| #define HAVE_SYS_TYPES_H 1
| #define HAVE_SYS_STAT_H 1
| #define HAVE_STDLIB_H 1
| #define HAVE_STRING_H 1
| #define HAVE_MEMORY_H 1
| #define HAVE_STRINGS_H 1
| #define HAVE_INTTYPES_H 1
| #define HAVE_STDINT_H 1
| #define HAVE_UNISTD_H 1
| #define HAVE_DLFCN_H 1
| #define LT_OBJDIR ".libs/"
| /* end confdefs.h.  */
| #include <ac_nonexistent.h>
configure:13105: checking for ld used by g++
configure:13172: result: /usr/bin/ld -m elf_x86_64
configure:13179: checking if the linker (/usr/bin/ld -m elf_x86_64) is GNU ld
configure:13194: result: yes
configure:13249: checking whether the g++ linker (/usr/bin/ld -m elf_x86_64) supports shared libraries
configure:14251: result: yes
configure:14287: g++ -c -g -O2  conftest.cpp >&5
configure:14290: $? = 0
configure:14810: checking for g++ option to produce PIC
configure:14817: result: -fPIC -DPIC
configure:14825: checking if g++ PIC flag -fPIC -DPIC works
configure:14843: g++ -c -g -O2  -fPIC -DPIC -DPIC conftest.cpp >&5
configure:14847: $? = 0
configure:14860: result: yes
configure:14883: checking if g++ static flag -static works
configure:14911: result: yes
configure:14923: checking if g++ supports -c -o file.o
configure:14944: g++ -c -g -O2  -o out/conftest2.o conftest.cpp >&5
configure:14948: $? = 0
configure:14970: result: yes
configure:14975: checking if g++ supports -c -o file.o
configure:15022: result: yes
configure:15052: checking whether the g++ linker (/usr/bin/ld -m elf_x86_64) supports shared libraries
configure:15091: result: yes
configure:15232: checking dynamic linker characteristics
configure:15900: result: GNU/Linux ld.so
configure:15953: checking how to hardcode library paths into programs
configure:15978: result: immediate
configure:16019: checking for main in -lm
configure:16038: gcc -o conftest -g -O2   conftest.c -lm   >&5
configure:16038: $? = 0
configure:16047: result: yes
configure:16064: checking for ANSI C header files
configure:16168: result: yes
configure:16177: checking for an ANSI C-conforming const
configure:16243: gcc -c -g -O2  conftest.c >&5
configure:16243: $? = 0
configure:16250: result: yes
configure:16258: checking for inline
configure:16274: gcc -c -g -O2  conftest.c >&5
configure:16274: $? = 0
configure:16282: result: inline
configure:16300: checking for size_t
configure:16300: gcc -c -g -O2  conftest.c >&5
configure:16300: $? = 0
configure:16300: gcc -c -g -O2  conftest.c >&5
conftest.c: In function 'main':
conftest.c:61:21: error: expected expression before ')' token
 if (sizeof ((size_t)))
                     ^
configure:16300: $? = 1
configure: failed program was:
| /* confdefs.h */
| #define PACKAGE_NAME "JSBSim.cpp"
| #define PACKAGE_TARNAME "jsbsim-cpp"
| #define PACKAGE_VERSION "1.0.0-advtrim-8"
| #define PACKAGE_STRING "JSBSim.cpp 1.0.0-advtrim-8"
| #define PACKAGE_BUGREPORT "jon@jsbsim.org"
| #define PACKAGE_URL ""
| #define PACKAGE "jsbsim"
| #define VERSION "1.0.0-advtrim-8"
| #define STDC_HEADERS 1
| #define HAVE_SYS_TYPES_H 1
| #define HAVE_SYS_STAT_H 1
| #define HAVE_STDLIB_H 1
| #define HAVE_STRING_H 1
| #define HAVE_MEMORY_H 1
| #define HAVE_STRINGS_H 1
| #define HAVE_INTTYPES_H 1
| #define HAVE_STDINT_H 1
| #define HAVE_UNISTD_H 1
| #define HAVE_DLFCN_H 1
| #define LT_OBJDIR ".libs/"
| #define HAVE_LIBM 1
| #define STDC_HEADERS 1
| /* end confdefs.h.  */
| #include <stdio.h>
| #ifdef HAVE_SYS_TYPES_H
| # include <sys/types.h>
| #endif
| #ifdef HAVE_SYS_STAT_H
| # include <sys/stat.h>
| #endif
| #ifdef STDC_HEADERS
| # include <stdlib.h>
| # include <stddef.h>
| #else
| # ifdef HAVE_STDLIB_H
| #  include <stdlib.h>
| # endif
| #endif
| #ifdef HAVE_STRING_H
| # if !defined STDC_HEADERS && defined HAVE_MEMORY_H
| #  include <memory.h>
| # endif
| # include <string.h>
| #endif
| #ifdef HAVE_STRINGS_H
| # include <strings.h>
| #endif
| #ifdef HAVE_INTTYPES_H
| # include <inttypes.h>
| #endif
| #ifdef HAVE_STDINT_H
| # include <stdint.h>
| #endif
| #ifdef HAVE_UNISTD_H
| # include <unistd.h>
| #endif
| int
| main ()
| {
| if (sizeof ((size_t)))
| 	    return 0;
|   ;
|   return 0;
| }
configure:16300: result: yes
configure:16311: checking whether struct tm is in sys/time.h or time.h
configure:16331: gcc -c -g -O2  conftest.c >&5
configure:16331: $? = 0
configure:16338: result: time.h
configure:16347: checking for working memcmp
configure:16390: gcc -o conftest -g -O2   conftest.c -lm  >&5
configure:16390: $? = 0
configure:16390: ./conftest
configure:16390: $? = 0
configure:16400: result: yes
configure:16435: checking for socklen_t
configure:16452: gcc -c -g -O2  conftest.c >&5
configure:16452: $? = 0
configure:16454: result: yes
configure:16637: checking that generated files are newer than configure
configure:16643: result: done
configure:16682: creating ./config.status

## ---------------------- ##
## Running config.status. ##
## ---------------------- ##

This file was extended by JSBSim.cpp config.status 1.0.0-advtrim-8, which was
generated by GNU Autoconf 2.69.  Invocation command line was

  CONFIG_FILES    = 
  CONFIG_HEADERS  = 
  CONFIG_LINKS    = 
  CONFIG_COMMANDS = 
  $ ./config.status 

on manash-Lenovo-Y50-70

config.status:1185: creating jsbsim.pc
config.status:1185: creating src/math/Makefile
config.status:1185: creating src/models/flight_control/Makefile
config.status:1185: creating src/models/propulsion/Makefile
config.status:1185: creating src/models/Makefile
config.status:1185: creating src/models/atmosphere/Makefile
config.status:1185: creating src/simgear/props/Makefile
config.status:1185: creating src/simgear/magvar/Makefile
config.status:1185: creating src/simgear/misc/Makefile
config.status:1185: creating src/simgear/xml/Makefile
config.status:1185: creating src/simgear/Makefile
config.status:1185: creating src/initialization/Makefile
config.status:1185: creating src/Makefile
config.status:1185: creating src/input_output/Makefile
config.status:1185: creating src/utilities/Makefile
config.status:1185: creating src/utilities/aeromatic/Makefile
config.status:1185: creating data_plot/Makefile
config.status:1185: creating scripts/Makefile
config.status:1185: creating gui/Makefile
config.status:1185: creating aircraft/c310/Makefile
config.status:1185: creating aircraft/f104/Makefile
config.status:1185: creating aircraft/J246/Systems/Makefile
config.status:1185: creating aircraft/J246/Makefile
config.status:1185: creating aircraft/fokker100/Systems/Makefile
config.status:1185: creating aircraft/fokker100/Makefile
config.status:1185: creating aircraft/sgs126/Makefile
config.status:1185: creating aircraft/blank/Makefile
config.status:1185: creating aircraft/XB-70/Makefile
config.status:1185: creating aircraft/Shuttle/Makefile
config.status:1185: creating aircraft/c172x/Makefile
config.status:1185: creating aircraft/L410/Makefile
config.status:1185: creating aircraft/c172p/Makefile
config.status:1185: creating aircraft/mk82/Makefile
config.status:1185: creating aircraft/MD11/Makefile
config.status:1185: creating aircraft/minisgs/Makefile
config.status:1185: creating aircraft/f15/Makefile
config.status:1185: creating aircraft/Boeing314/Makefile
config.status:1185: creating aircraft/c172r/Makefile
config.status:1185: creating aircraft/sgs233/Makefile
config.status:1185: creating aircraft/x24b/Makefile
config.status:1185: creating aircraft/p51d/Engines/Makefile
config.status:1185: creating aircraft/p51d/Systems/Makefile
config.status:1185: creating aircraft/p51d/Makefile
config.status:1185: creating aircraft/F4N/Engines/Makefile
config.status:1185: creating aircraft/F4N/Makefile
config.status:1185: creating aircraft/T37/Makefile
config.status:1185: creating aircraft/pogo-jsbsim/Engines/Makefile
config.status:1185: creating aircraft/pogo-jsbsim/Makefile
config.status:1185: creating aircraft/ZLT-NT/Systems/Makefile
config.status:1185: creating aircraft/ZLT-NT/Makefile
config.status:1185: creating aircraft/pc7/Makefile
config.status:1185: creating aircraft/ah1s/Makefile
config.status:1185: creating aircraft/Submarine_Scout/Systems/Makefile
config.status:1185: creating aircraft/Submarine_Scout/Makefile
config.status:1185: creating aircraft/737/Makefile
config.status:1185: creating aircraft/Concorde/Makefile
config.status:1185: creating aircraft/T38/Makefile
config.status:1185: creating aircraft/A320/Makefile
config.status:1185: creating aircraft/Short_S23/Systems/Makefile
config.status:1185: creating aircraft/Short_S23/Makefile
config.status:1185: creating aircraft/fokker50/Makefile
config.status:1185: creating aircraft/B17/Makefile
config.status:1185: creating aircraft/t6texan2/Makefile
config.status:1185: creating aircraft/C130/Makefile
config.status:1185: creating aircraft/paraglider/Makefile
config.status:1185: creating aircraft/X15/Makefile
config.status:1185: creating aircraft/DHC6/Makefile
config.status:1185: creating aircraft/L17/Makefile
config.status:1185: creating aircraft/OV10/Makefile
config.status:1185: creating aircraft/Makefile
config.status:1185: creating aircraft/f22/Makefile
config.status:1185: creating aircraft/easystar/Engines/Makefile
config.status:1185: creating aircraft/easystar/scripts/Makefile
config.status:1185: creating aircraft/easystar/Datcom/Makefile
config.status:1185: creating aircraft/easystar/Models/Makefile
config.status:1185: creating aircraft/easystar/Makefile
config.status:1185: creating aircraft/ball/Makefile
config.status:1185: creating aircraft/LM/Makefile
config.status:1185: creating aircraft/A4/Makefile
config.status:1185: creating aircraft/F80C/Makefile
config.status:1185: creating aircraft/B747/Makefile
config.status:1185: creating aircraft/pa28/Makefile
config.status:1185: creating aircraft/dr1/Makefile
config.status:1185: creating aircraft/SGS/Makefile
config.status:1185: creating aircraft/c182/Makefile
config.status:1185: creating aircraft/f16/Systems/Makefile
config.status:1185: creating aircraft/f16/Makefile
config.status:1185: creating data_output/Makefile
config.status:1185: creating Makefile
config.status:1185: creating check_cases/orbit/data_plot/Makefile
config.status:1185: creating check_cases/orbit/logged_data/Makefile
config.status:1185: creating check_cases/orbit/scripts/Makefile
config.status:1185: creating check_cases/orbit/aircraft/Makefile
config.status:1185: creating check_cases/orbit/aircraft/ball/Makefile
config.status:1185: creating check_cases/orbit/data_output/Makefile
config.status:1185: creating check_cases/orbit/Makefile
config.status:1185: creating check_cases/orbit/engine/Makefile
config.status:1185: creating check_cases/orbit/systems/Makefile
config.status:1185: creating check_cases/Makefile
config.status:1185: creating check_cases/ground_tests/data_plot/Makefile
config.status:1185: creating check_cases/ground_tests/logged_data/Makefile
config.status:1185: creating check_cases/ground_tests/scripts/Makefile
config.status:1185: creating check_cases/ground_tests/aircraft/groundtest/Makefile
config.status:1185: creating check_cases/ground_tests/aircraft/Makefile
config.status:1185: creating check_cases/ground_tests/data_output/Makefile
config.status:1185: creating check_cases/ground_tests/Makefile
config.status:1185: creating check_cases/ground_tests/engine/Makefile
config.status:1185: creating check_cases/ground_tests/systems/Makefile
config.status:1185: creating engine/Makefile
config.status:1185: creating systems/Makefile
config.status:1357: executing depfiles commands
config.status:1357: executing libtool commands
configure:19089: WARNING: unrecognized options: --enable-maintainer-mode, --enable-compile-warnings

## ---------------- ##
## Cache variables. ##
## ---------------- ##

ac_cv_build=x86_64-unknown-linux-gnu
ac_cv_c_compiler_gnu=yes
ac_cv_c_const=yes
ac_cv_c_inline=inline
ac_cv_cxx_compiler_gnu=yes
ac_cv_env_CCC_set=
ac_cv_env_CCC_value=
ac_cv_env_CC_set=
ac_cv_env_CC_value=
ac_cv_env_CFLAGS_set=
ac_cv_env_CFLAGS_value=
ac_cv_env_CPPFLAGS_set=
ac_cv_env_CPPFLAGS_value=
ac_cv_env_CPP_set=
ac_cv_env_CPP_value=
ac_cv_env_CXXCPP_set=
ac_cv_env_CXXCPP_value=
ac_cv_env_CXXFLAGS_set=
ac_cv_env_CXXFLAGS_value=
ac_cv_env_CXX_set=
ac_cv_env_CXX_value=
ac_cv_env_LDFLAGS_set=
ac_cv_env_LDFLAGS_value=
ac_cv_env_LIBS_set=
ac_cv_env_LIBS_value=
ac_cv_env_build_alias_set=
ac_cv_env_build_alias_value=
ac_cv_env_host_alias_set=
ac_cv_env_host_alias_value=
ac_cv_env_target_alias_set=
ac_cv_env_target_alias_value=
ac_cv_func_memcmp_working=yes
ac_cv_header_dlfcn_h=yes
ac_cv_header_inttypes_h=yes
ac_cv_header_memory_h=yes
ac_cv_header_stdc=yes
ac_cv_header_stdint_h=yes
ac_cv_header_stdlib_h=yes
ac_cv_header_string_h=yes
ac_cv_header_strings_h=yes
ac_cv_header_sys_stat_h=yes
ac_cv_header_sys_types_h=yes
ac_cv_header_unistd_h=yes
ac_cv_host=x86_64-unknown-linux-gnu
ac_cv_lib_m_main=yes
ac_cv_objext=o
ac_cv_path_EGREP='/bin/grep -E'
ac_cv_path_FGREP='/bin/grep -F'
ac_cv_path_GREP=/bin/grep
ac_cv_path_SED=/bin/sed
ac_cv_path_install='/usr/bin/install -c'
ac_cv_path_mkdir=/bin/mkdir
ac_cv_prog_AWK=gawk
ac_cv_prog_CPP='gcc -E'
ac_cv_prog_CXXCPP='g++ -E'
ac_cv_prog_ac_ct_AR=ar
ac_cv_prog_ac_ct_CC=gcc
ac_cv_prog_ac_ct_CXX=g++
ac_cv_prog_ac_ct_MANIFEST_TOOL=mt
ac_cv_prog_ac_ct_OBJDUMP=objdump
ac_cv_prog_ac_ct_RANLIB=ranlib
ac_cv_prog_ac_ct_STRIP=strip
ac_cv_prog_cc_c89=
ac_cv_prog_cc_g=yes
ac_cv_prog_cxx_g=yes
ac_cv_prog_make_make_set=yes
ac_cv_struct_tm=time.h
ac_cv_target=x86_64-unknown-linux-gnu
ac_cv_type_size_t=yes
am_cv_CC_dependencies_compiler_type=gcc3
am_cv_CXX_dependencies_compiler_type=gcc3
am_cv_make_support_nested_variables=yes
am_cv_prog_cc_c_o=yes
lt_cv_ar_at_file=@
lt_cv_deplibs_check_method=pass_all
lt_cv_file_magic_cmd='$MAGIC_CMD'
lt_cv_file_magic_test_file=
lt_cv_ld_reload_flag=-r
lt_cv_nm_interface='BSD nm'
lt_cv_objdir=.libs
lt_cv_path_LD=/usr/bin/ld
lt_cv_path_LDCXX='/usr/bin/ld -m elf_x86_64'
lt_cv_path_NM='/usr/bin/nm -B'
lt_cv_path_mainfest_tool=no
lt_cv_prog_compiler_c_o=yes
lt_cv_prog_compiler_c_o_CXX=yes
lt_cv_prog_compiler_pic='-fPIC -DPIC'
lt_cv_prog_compiler_pic_CXX='-fPIC -DPIC'
lt_cv_prog_compiler_pic_works=yes
lt_cv_prog_compiler_pic_works_CXX=yes
lt_cv_prog_compiler_rtti_exceptions=no
lt_cv_prog_compiler_static_works=yes
lt_cv_prog_compiler_static_works_CXX=yes
lt_cv_prog_gnu_ld=yes
lt_cv_prog_gnu_ldcxx=yes
lt_cv_sharedlib_from_linklib_cmd='printf %s\n'
lt_cv_shlibpath_overrides_runpath=no
lt_cv_sys_global_symbol_pipe='sed -n -e '\''s/^.*[	 ]\([ABCDGIRSTW][ABCDGIRSTW]*\)[	 ][	 ]*\([_A-Za-z][_A-Za-z0-9]*\)$/\1 \2 \2/p'\'' | sed '\''/ __gnu_lto/d'\'''
lt_cv_sys_global_symbol_to_c_name_address='sed -n -e '\''s/^: \([^ ]*\)[ ]*$/  {\"\1\", (void *) 0},/p'\'' -e '\''s/^[ABCDGIRSTW]* \([^ ]*\) \([^ ]*\)$/  {"\2", (void *) \&\2},/p'\'''
lt_cv_sys_global_symbol_to_c_name_address_lib_prefix='sed -n -e '\''s/^: \([^ ]*\)[ ]*$/  {\"\1\", (void *) 0},/p'\'' -e '\''s/^[ABCDGIRSTW]* \([^ ]*\) \(lib[^ ]*\)$/  {"\2", (void *) \&\2},/p'\'' -e '\''s/^[ABCDGIRSTW]* \([^ ]*\) \([^ ]*\)$/  {"lib\2", (void *) \&\2},/p'\'''
lt_cv_sys_global_symbol_to_cdecl='sed -n -e '\''s/^T .* \(.*\)$/extern int \1();/p'\'' -e '\''s/^[ABCDGIRSTW]* .* \(.*\)$/extern char \1;/p'\'''
lt_cv_sys_max_cmd_len=1572864
lt_cv_to_host_file_cmd=func_convert_file_noop
lt_cv_to_tool_file_cmd=func_convert_file_noop

## ----------------- ##
## Output variables. ##
## ----------------- ##

ACLOCAL='${SHELL} /home/manash/ark_simulation/jsbsim/missing aclocal-1.14'
AMDEPBACKSLASH='\'
AMDEP_FALSE='#'
AMDEP_TRUE=''
AMTAR='$${TAR-tar}'
AM_BACKSLASH='\'
AM_DEFAULT_V='$(AM_DEFAULT_VERBOSITY)'
AM_DEFAULT_VERBOSITY='1'
AM_V='$(V)'
AR='ar'
ARFLAGS='cru'
AUTOCONF='${SHELL} /home/manash/ark_simulation/jsbsim/missing autoconf'
AUTOHEADER='${SHELL} /home/manash/ark_simulation/jsbsim/missing autoheader'
AUTOMAKE='${SHELL} /home/manash/ark_simulation/jsbsim/missing automake-1.14'
AWK='gawk'
BUILD_GUI_FALSE=''
BUILD_GUI_TRUE='#'
BUILD_LIBRARIES_FALSE='#'
BUILD_LIBRARIES_TRUE=''
CC='gcc'
CCDEPMODE='depmode=gcc3'
CFLAGS='-g -O2'
CPP='gcc -E'
CPPFLAGS=''
CXX='g++'
CXXCPP='g++ -E'
CXXDEPMODE='depmode=gcc3'
CXXFLAGS='-g -O2 -Wno-non-template-friend'
CYGPATH_W='echo'
DEFS='-DPACKAGE_NAME=\"JSBSim.cpp\" -DPACKAGE_TARNAME=\"jsbsim-cpp\" -DPACKAGE_VERSION=\"1.0.0-advtrim-8\" -DPACKAGE_STRING=\"JSBSim.cpp\ 1.0.0-advtrim-8\" -DPACKAGE_BUGREPORT=\"jon@jsbsim.org\" -DPACKAGE_URL=\"\" -DPACKAGE=\"jsbsim\" -DVERSION=\"1.0.0-advtrim-8\" -DSTDC_HEADERS=1 -DHAVE_SYS_TYPES_H=1 -DHAVE_SYS_STAT_H=1 -DHAVE_STDLIB_H=1 -DHAVE_STRING_H=1 -DHAVE_MEMORY_H=1 -DHAVE_STRINGS_H=1 -DHAVE_INTTYPES_H=1 -DHAVE_STDINT_H=1 -DHAVE_UNISTD_H=1 -DHAVE_DLFCN_H=1 -DLT_OBJDIR=\".libs/\" -DHAVE_LIBM=1 -DSTDC_HEADERS=1'
DEPDIR='.deps'
DLLTOOL='false'
DSYMUTIL=''
DUMPBIN=''
ECHO_C=''
ECHO_N='-n'
ECHO_T=''
EGREP='/bin/grep -E'
EXEEXT=''
FGREP='/bin/grep -F'
GREP='/bin/grep'
INSTALL_DATA='${INSTALL} -m 644'
INSTALL_PROGRAM='${INSTALL}'
INSTALL_SCRIPT='${INSTALL}'
INSTALL_STRIP_PROGRAM='$(install_sh) -c -s'
LD='/usr/bin/ld -m elf_x86_64'
LDFLAGS=''
LIBOBJS=''
LIBS='-lm '
LIBTOOL='$(SHELL) $(top_builddir)/libtool'
LIPO=''
LN_S='ln -s'
LTLIBOBJS=''
LT_VERSION='0:0:0'
MAKEINFO='${SHELL} /home/manash/ark_simulation/jsbsim/missing makeinfo'
MANIFEST_TOOL=':'
MKDIR_P='/bin/mkdir -p'
NM='/usr/bin/nm -B'
NMEDIT=''
OBJDUMP='objdump'
OBJEXT='o'
OTOOL64=''
OTOOL=''
PACKAGE='jsbsim'
PACKAGE_BUGREPORT='jon@jsbsim.org'
PACKAGE_NAME='JSBSim.cpp'
PACKAGE_STRING='JSBSim.cpp 1.0.0-advtrim-8'
PACKAGE_TARNAME='jsbsim-cpp'
PACKAGE_URL=''
PACKAGE_VERSION='1.0.0-advtrim-8'
PATH_SEPARATOR=':'
RANLIB='ranlib'
SED='/bin/sed'
SET_MAKE=''
SHELL='/bin/bash'
STRIP='strip'
VERSION='1.0.0-advtrim-8'
ac_ct_AR='ar'
ac_ct_CC='gcc'
ac_ct_CXX='g++'
ac_ct_DUMPBIN=''
am__EXEEXT_FALSE=''
am__EXEEXT_TRUE='#'
am__fastdepCC_FALSE='#'
am__fastdepCC_TRUE=''
am__fastdepCXX_FALSE='#'
am__fastdepCXX_TRUE=''
am__include='include'
am__isrc=''
am__leading_dot='.'
am__nodep='_no'
am__quote=''
am__tar='$${TAR-tar} chof - "$$tardir"'
am__untar='$${TAR-tar} xf -'
bindir='${exec_prefix}/bin'
build='x86_64-unknown-linux-gnu'
build_alias=''
build_cpu='x86_64'
build_os='linux-gnu'
build_vendor='unknown'
datadir='${datarootdir}'
datarootdir='${prefix}/share'
docdir='${datarootdir}/doc/${PACKAGE_TARNAME}'
dvidir='${docdir}'
exec_prefix='${prefix}'
host='x86_64-unknown-linux-gnu'
host_alias=''
host_cpu='x86_64'
host_os='linux-gnu'
host_vendor='unknown'
htmldir='${docdir}'
includedir='${prefix}/include'
infodir='${datarootdir}/info'
install_sh='${SHELL} /home/manash/ark_simulation/jsbsim/install-sh'
libdir='${exec_prefix}/lib'
libexecdir='${exec_prefix}/libexec'
localedir='${datarootdir}/locale'
localstatedir='${prefix}/var'
mandir='${datarootdir}/man'
mkdir_p='$(MKDIR_P)'
oldincludedir='/usr/include'
pdfdir='${docdir}'
prefix='/usr/local'
program_transform_name='s,x,x,'
psdir='${docdir}'
sbindir='${exec_prefix}/sbin'
sharedstatedir='${prefix}/com'
sysconfdir='${prefix}/etc'
target='x86_64-unknown-linux-gnu'
target_alias=''
target_cpu='x86_64'
target_os='linux-gnu'
target_vendor='unknown'

## ----------- ##
## confdefs.h. ##
## ----------- ##

/* confdefs.h */
#define PACKAGE_NAME "JSBSim.cpp"
#define PACKAGE_TARNAME "jsbsim-cpp"
#define PACKAGE_VERSION "1.0.0-advtrim-8"
#define PACKAGE_STRING "JSBSim.cpp 1.0.0-advtrim-8"
#define PACKAGE_BUGREPORT "jon@jsbsim.org"
#define PACKAGE_URL ""
#define PACKAGE "jsbsim"
#define VERSION "1.0.0-advtrim-8"
#define STDC_HEADERS 1
#define HAVE_SYS_TYPES_H 1
#define HAVE_SYS_STAT_H 1
#define HAVE_STDLIB_H 1
#define HAVE_STRING_H 1
#define HAVE_MEMORY_H 1
#define HAVE_STRINGS_H 1
#define HAVE_INTTYPES_H 1
#define HAVE_STDINT_H 1
#define HAVE_UNISTD_H 1
#define HAVE_DLFCN_H 1
#define LT_OBJDIR ".libs/"
#define HAVE_LIBM 1
#define STDC_HEADERS 1

configure: exit 0
